2023-04-19 19:39:00 INFO  Log:14 - ********************************
2023-04-19 19:39:00 INFO  Log:15 - ********************************
2023-04-19 19:39:00 INFO  Log:16 - ************This is the beginning of my test case.************
2023-04-19 19:39:00 INFO  Log:28 - My test case is executing.
2023-04-19 19:39:00 INFO  Log:32 - My test case might have some important issues.
2023-04-19 19:39:03 INFO  Log:28 - This test case is about to get completed.
2023-04-19 19:39:03 INFO  Log:22 - ################################
2023-04-19 19:39:03 INFO  Log:23 - ################################
2023-04-19 19:39:03 INFO  Log:24 - ############This test case has finished.############
2023-04-19 19:43:41 INFO  Log:14 - ********************************
2023-04-19 19:43:41 INFO  Log:15 - ********************************
2023-04-19 19:43:41 INFO  Log:16 - ************This is the beginning of my test case.************
2023-04-19 19:43:41 INFO  Log:28 - My test case is executing.
2023-04-19 19:43:41 INFO  Log:32 - My test case might have some important issues.
2023-04-19 19:43:50 INFO  Log:28 - This test case is about to get completed.
2023-04-19 19:43:50 INFO  Log:22 - ################################
2023-04-19 19:43:50 INFO  Log:23 - ################################
2023-04-19 19:43:50 INFO  Log:24 - ############This test case has finished.############
2023-04-19 21:01:59 INFO  Log:14 - ********************************
2023-04-19 21:01:59 INFO  Log:15 - ********************************
2023-04-19 21:01:59 INFO  Log:16 - ************This is the beginning of my test case.************
2023-04-19 21:01:59 INFO  Log:28 - My test case is executing.
2023-04-19 21:01:59 INFO  Log:32 - My test case might have some important issues.
2023-04-19 21:02:08 INFO  Log:28 - This test case is about to get completed.
2023-04-19 21:02:08 INFO  Log:22 - ################################
2023-04-19 21:02:08 INFO  Log:23 - ################################
2023-04-19 21:02:08 INFO  Log:24 - ############This test case has finished.############
2023-05-19 12:21:02 INFO  Log:14 - ********************************
2023-05-19 12:21:02 INFO  Log:15 - ********************************
2023-05-19 12:21:02 INFO  Log:16 - ************This is the beginning of my test case.************
2023-05-19 12:21:02 INFO  Log:28 - My test case is executing.
2023-05-19 12:21:02 INFO  Log:32 - My test case might have some important issues.
2023-05-19 12:21:07 INFO  Log:28 - This test case is about to get completed.
2023-05-19 12:21:07 INFO  Log:22 - ################################
2023-05-19 12:21:07 INFO  Log:23 - ################################
2023-05-19 12:21:07 INFO  Log:24 - ############This test case has finished.############
